[    40.073] (--) Log file renamed from "/home/surya/.local/share/xorg/Xorg.pid-1518.log" to "/home/surya/.local/share/xorg/Xorg.0.log"
[    40.074] 
X.Org X Server 1.20.13
X Protocol Version 11, Revision 0
[    40.074] Build Operating System: linux Ubuntu
[    40.074] Current Operating System: Linux surya-VirtualBox 5.15.0-72-generic #79~20.04.1-Ubuntu SMP Thu Apr 20 22:12:07 UTC 2023 x86_64
[    40.074] Kernel command line: BOOT_IMAGE=/boot/vmlinuz-5.15.0-72-generic root=UUID=1b38f416-1db4-40bd-9df4-10d68ca99eb3 ro quiet splash
[    40.074] Build Date: 06 July 2022  01:53:24PM
[    40.074] xorg-server 2:1.20.13-1ubuntu1~20.04.3 (For technical support please see http://www.ubuntu.com/support) 
[    40.074] Current version of pixman: 0.38.4
[    40.074] 	Before reporting problems, check http://wiki.x.org
	to make sure that you have the latest version.
[    40.074] Markers: (--) probed, (**) from config file, (==) default setting,
	(++) from command line, (!!) notice, (II) informational,
	(WW) warning, (EE) error, (NI) not implemented, (??) unknown.
[    40.074] (==) Log file: "/home/surya/.local/share/xorg/Xorg.0.log", Time: Fri May 26 20:59:56 2023
[    40.080] (==) Using system config directory "/usr/share/X11/xorg.conf.d"
[    40.087] (==) No Layout section.  Using the first Screen section.
[    40.087] (==) No screen section available. Using defaults.
[    40.087] (**) |-->Screen "Default Screen Section" (0)
[    40.087] (**) |   |-->Monitor "<default monitor>"
[    40.088] (==) No monitor specified for screen "Default Screen Section".
	Using a default monitor configuration.
[    40.088] (==) Automatically adding devices
[    40.088] (==) Automatically enabling devices
[    40.088] (==) Automatically adding GPU devices
[    40.088] (==) Automatically binding GPU devices
[    40.088] (==) Max clients allowed: 256, resource mask: 0x1fffff
[    40.088] (WW) The directory "/usr/share/fonts/X11/cyrillic" does not exist.
[    40.088] 	Entry deleted from font path.
[    40.088] (WW) The directory "/usr/share/fonts/X11/100dpi/" does not exist.
[    40.088] 	Entry deleted from font path.
[    40.088] (WW) The directory "/usr/share/fonts/X11/75dpi/" does not exist.
[    40.088] 	Entry deleted from font path.
[    40.088] (WW) The directory "/usr/share/fonts/X11/100dpi" does not exist.
[    40.088] 	Entry deleted from font path.
[    40.088] (WW) The directory "/usr/share/fonts/X11/75dpi" does not exist.
[    40.088] 	Entry deleted from font path.
[    40.088] (==) FontPath set to:
	/usr/share/fonts/X11/misc,
	/usr/share/fonts/X11/Type1,
	built-ins
[    40.088] (==) ModulePath set to "/usr/lib/xorg/modules"
[    40.088] (II) The server relies on udev to provide the list of input devices.
	If no devices become available, reconfigure udev or disable AutoAddDevices.
[    40.088] (II) Loader magic: 0x55dbff58c020
[    40.088] (II) Module ABI versions:
[    40.088] 	X.Org ANSI C Emulation: 0.4
[    40.088] 	X.Org Video Driver: 24.1
[    40.088] 	X.Org XInput driver : 24.1
[    40.088] 	X.Org Server Extension : 10.0
[    40.094] (++) using VT number 2

[    40.104] (II) systemd-logind: took control of session /org/freedesktop/login1/session/_32
[    40.108] (II) xfree86: Adding drm device (/dev/dri/card0)
[    40.115] (II) systemd-logind: got fd for /dev/dri/card0 226:0 fd 12 paused 0
[    40.119] (--) PCI:*(0@0:2:0) 15ad:0405:15ad:0405 rev 0, Mem @ 0xe0000000/16777216, 0xf0000000/2097152, I/O @ 0x0000d010/16, BIOS @ 0x????????/131072
[    40.120] (II) LoadModule: "glx"
[    40.122] (II) Loading /usr/lib/xorg/modules/extensions/libglx.so
[    40.128] (II) Module glx: vendor="X.Org Foundation"
[    40.128] 	compiled for 1.20.13, module version = 1.0.0
[    40.128] 	ABI class: X.Org Server Extension, version 10.0
[    40.128] (==) Matched vmware as autoconfigured driver 0
[    40.128] (==) Matched modesetting as autoconfigured driver 1
[    40.128] (==) Matched fbdev as autoconfigured driver 2
[    40.128] (==) Matched vesa as autoconfigured driver 3
[    40.128] (==) Assigned the driver to the xf86ConfigLayout
[    40.128] (II) LoadModule: "vmware"
[    40.128] (II) Loading /usr/lib/xorg/modules/drivers/vmware_drv.so
[    40.268] (II) Module vmware: vendor="X.Org Foundation"
[    40.268] 	compiled for 1.20.8, module version = 13.3.0
[    40.268] 	Module class: X.Org Video Driver
[    40.268] 	ABI class: X.Org Video Driver, version 24.1
[    40.268] (II) LoadModule: "modesetting"
[    40.268] (II) Loading /usr/lib/xorg/modules/drivers/modesetting_drv.so
[    40.272] (II) Module modesetting: vendor="X.Org Foundation"
[    40.272] 	compiled for 1.20.13, module version = 1.20.13
[    40.272] 	Module class: X.Org Video Driver
[    40.272] 	ABI class: X.Org Video Driver, version 24.1
[    40.272] (II) LoadModule: "fbdev"
[    40.272] (II) Loading /usr/lib/xorg/modules/drivers/fbdev_drv.so
[    40.274] (II) Module fbdev: vendor="X.Org Foundation"
[    40.274] 	compiled for 1.20.1, module version = 0.5.0
[    40.274] 	Module class: X.Org Video Driver
[    40.274] 	ABI class: X.Org Video Driver, version 24.0
[    40.274] (II) LoadModule: "vesa"
[    40.274] (II) Loading /usr/lib/xorg/modules/drivers/vesa_drv.so
[    40.280] (II) Module vesa: vendor="X.Org Foundation"
[    40.280] 	compiled for 1.20.4, module version = 2.4.0
[    40.280] 	Module class: X.Org Video Driver
[    40.280] 	ABI class: X.Org Video Driver, version 24.0
[    40.280] (II) vmware: driver for VMware SVGA: vmware0405, vmware0710
[    40.280] (II) modesetting: Driver for Modesetting Kernel Drivers: kms
[    40.280] (II) FBDEV: driver for framebuffer: fbdev
[    40.280] (II) VESA: driver for VESA chipsets: vesa
[    40.280] xf86EnableIOPorts: failed to set IOPL for I/O (Operation not permitted)
[    40.280] (WW) Falling back to old probe method for modesetting
[    40.280] (WW) Falling back to old probe method for fbdev
[    40.280] (II) Loading sub module "fbdevhw"
[    40.280] (II) LoadModule: "fbdevhw"
[    40.280] (II) Loading /usr/lib/xorg/modules/libfbdevhw.so
[    40.284] (II) Module fbdevhw: vendor="X.Org Foundation"
[    40.284] 	compiled for 1.20.13, module version = 0.0.2
[    40.284] 	ABI class: X.Org Video Driver, version 24.1
[    40.284] (EE) open /dev/fb0: Permission denied
[    40.284] (WW) VGA arbiter: cannot open kernel arbiter, no multi-card support
[    40.284] (II) vmware(0): Creating default Display subsection in Screen section
	"Default Screen Section" for depth/fbbpp 24/32
[    40.284] (--) vmware(0): DRM driver version is 2.19.0
[    40.284] (==) vmware(0): Depth 24, (--) framebuffer bpp 32
[    40.284] (==) vmware(0): RGB weight 888
[    40.284] (==) vmware(0): Default visual is TrueColor
[    40.284] (--) vmware(0): Min width 1, Max Width 8192.
[    40.284] (--) vmware(0): Min height 1, Max Height 8192.
[    40.285] (II) vmware(0): Output Virtual1 has no monitor section
[    40.285] (II) vmware(0): Output Virtual2 has no monitor section
[    40.285] (II) vmware(0): Output Virtual3 has no monitor section
[    40.285] (II) vmware(0): Output Virtual4 has no monitor section
[    40.285] (II) vmware(0): Output Virtual5 has no monitor section
[    40.285] (II) vmware(0): Output Virtual6 has no monitor section
[    40.285] (II) vmware(0): Output Virtual7 has no monitor section
[    40.285] (II) vmware(0): Output Virtual8 has no monitor section
[    40.285] (II) vmware(0): Printing probed modes for output Virtual1
[    40.285] (II) vmware(0): Modeline "958x931"x60.0   71.86  958 1008 1058 1108  931 981 1031 1081 -hsync +vsync (64.9 kHz eP)
[    40.285] (II) vmware(0): Modeline "2560x1600"x60.0  348.50  2560 2752 3032 3504  1600 1603 1609 1658 -hsync +vsync (99.5 kHz e)
[    40.285] (II) vmware(0): Modeline "2560x1440"x60.0  241.50  2560 2608 2640 2720  1440 1443 1448 1481 +hsync -vsync (88.8 kHz e)
[    40.285] (II) vmware(0): Modeline "1920x1440"x60.0  234.00  1920 2048 2256 2600  1440 1441 1444 1500 -hsync +vsync (90.0 kHz e)
[    40.285] (II) vmware(0): Modeline "1856x1392"x60.0  218.25  1856 1952 2176 2528  1392 1393 1396 1439 -hsync +vsync (86.3 kHz e)
[    40.285] (II) vmware(0): Modeline "1792x1344"x60.0  204.75  1792 1920 2120 2448  1344 1345 1348 1394 -hsync +vsync (83.6 kHz e)
[    40.285] (II) vmware(0): Modeline "1920x1200"x59.9  193.25  1920 2056 2256 2592  1200 1203 1209 1245 -hsync +vsync (74.6 kHz e)
[    40.285] (II) vmware(0): Modeline "1920x1080"x60.0  173.00  1920 2048 2248 2576  1080 1083 1088 1120 -hsync +vsync (67.2 kHz e)
[    40.285] (II) vmware(0): Modeline "1600x1200"x60.0  162.00  1600 1664 1856 2160  1200 1201 1204 1250 +hsync +vsync (75.0 kHz e)
[    40.285] (II) vmware(0): Modeline "1680x1050"x60.0  146.25  1680 1784 1960 2240  1050 1053 1059 1089 -hsync +vsync (65.3 kHz e)
[    40.285] (II) vmware(0): Modeline "1400x1050"x60.0  121.75  1400 1488 1632 1864  1050 1053 1057 1089 -hsync +vsync (65.3 kHz e)
[    40.285] (II) vmware(0): Modeline "1280x1024"x60.0  108.00  1280 1328 1440 1688  1024 1025 1028 1066 +hsync +vsync (64.0 kHz e)
[    40.285] (II) vmware(0): Modeline "1440x900"x59.9  106.50  1440 1520 1672 1904  900 903 909 934 -hsync +vsync (55.9 kHz e)
[    40.285] (II) vmware(0): Modeline "1280x960"x60.0  108.00  1280 1376 1488 1800  960 961 964 1000 +hsync +vsync (60.0 kHz e)
[    40.285] (II) vmware(0): Modeline "1360x768"x60.0   85.50  1360 1424 1536 1792  768 771 777 795 +hsync +vsync (47.7 kHz e)
[    40.285] (II) vmware(0): Modeline "1280x800"x59.8   83.50  1280 1352 1480 1680  800 803 809 831 +hsync -vsync (49.7 kHz e)
[    40.285] (II) vmware(0): Modeline "1152x864"x75.0  108.00  1152 1216 1344 1600  864 865 868 900 +hsync +vsync (67.5 kHz e)
[    40.285] (II) vmware(0): Modeline "1280x768"x59.9   79.50  1280 1344 1472 1664  768 771 778 798 -hsync +vsync (47.8 kHz e)
[    40.285] (II) vmware(0): Modeline "1280x720"x59.9   74.50  1280 1344 1472 1664  720 723 728 748 -hsync +vsync (44.8 kHz e)
[    40.285] (II) vmware(0): Modeline "1024x768"x60.0   65.00  1024 1048 1184 1344  768 771 777 806 -hsync -vsync (48.4 kHz e)
[    40.285] (II) vmware(0): Modeline "800x600"x60.3   40.00  800 840 968 1056  600 601 605 628 +hsync +vsync (37.9 kHz e)
[    40.285] (II) vmware(0): Modeline "640x480"x59.9   25.18  640 656 752 800  480 489 492 525 -hsync -vsync (31.5 kHz e)
[    40.285] (II) vmware(0): EDID for output Virtual2
[    40.285] (II) vmware(0): EDID for output Virtual3
[    40.285] (II) vmware(0): EDID for output Virtual4
[    40.285] (II) vmware(0): EDID for output Virtual5
[    40.285] (II) vmware(0): EDID for output Virtual6
[    40.285] (II) vmware(0): EDID for output Virtual7
[    40.286] (II) vmware(0): EDID for output Virtual8
[    40.286] (II) vmware(0): Output Virtual1 connected
[    40.286] (II) vmware(0): Output Virtual2 disconnected
[    40.286] (II) vmware(0): Output Virtual3 disconnected
[    40.286] (II) vmware(0): Output Virtual4 disconnected
[    40.286] (II) vmware(0): Output Virtual5 disconnected
[    40.286] (II) vmware(0): Output Virtual6 disconnected
[    40.286] (II) vmware(0): Output Virtual7 disconnected
[    40.286] (II) vmware(0): Output Virtual8 disconnected
[    40.286] (II) vmware(0): Using exact sizes for initial modes
[    40.286] (II) vmware(0): Output Virtual1 using initial mode 958x931 +0+0
[    40.286] (==) vmware(0): DPI set to (96, 96)
[    40.286] (==) vmware(0): Using gamma correction (1.0, 1.0, 1.0)
[    40.286] (II) Loading sub module "fb"
[    40.286] (II) LoadModule: "fb"
[    40.286] (II) Loading /usr/lib/xorg/modules/libfb.so
[    40.289] (II) Module fb: vendor="X.Org Foundation"
[    40.289] 	compiled for 1.20.13, module version = 1.0.0
[    40.289] 	ABI class: X.Org ANSI C Emulation, version 0.4
[    40.289] (II) Loading sub module "dri2"
[    40.289] (II) LoadModule: "dri2"
[    40.289] (II) Module "dri2" already built-in
[    40.289] (II) Loading sub module "dri3"
[    40.289] (II) LoadModule: "dri3"
[    40.289] (II) Module "dri3" already built-in
[    40.289] (II) UnloadModule: "modesetting"
[    40.289] (II) Unloading modesetting
[    40.289] (II) UnloadModule: "fbdev"
[    40.289] (II) Unloading fbdev
[    40.289] (II) UnloadSubModule: "fbdevhw"
[    40.289] (II) Unloading fbdevhw
[    40.289] (II) UnloadModule: "vesa"
[    40.289] (II) Unloading vesa
[    40.294] (II) vmware(0): Initialized VMWARE_CTRL extension version 0.2
[    40.303] (WW) vmware(0): Failed to initialize Gallium3D Xa. No render acceleration available.
[    40.303] (WW) vmware(0): Skipped initialization of direct rendering due to lack of render acceleration.
[    40.303] (--) vmware(0): Render acceleration is disabled.
[    40.303] (==) vmware(0): Rendercheck mode is disabled.
[    40.303] (--) vmware(0): Direct rendering (DRI2 3D) is disabled.
[    40.303] (--) vmware(0): Direct rendering (DRI3 3D) is disabled.
[    40.303] (==) vmware(0): Backing store enabled
[    40.303] (==) vmware(0): Silken mouse enabled
[    40.311] (==) vmware(0): DPMS enabled
[    40.311] (II) vmware(0): No 3D acceleration. Not setting up textured video.
[    40.311] (WW) vmware(0): Disabling Xv because no adaptors could be initialized.
[    40.311] (II) Initializing extension Generic Event Extension
[    40.311] (II) Initializing extension SHAPE
[    40.311] (II) Initializing extension MIT-SHM
[    40.312] (II) Initializing extension XInputExtension
[    40.314] (II) Initializing extension XTEST
[    40.314] (II) Initializing extension BIG-REQUESTS
[    40.314] (II) Initializing extension SYNC
[    40.315] (II) Initializing extension XKEYBOARD
[    40.315] (II) Initializing extension XC-MISC
[    40.315] (II) Initializing extension SECURITY
[    40.315] (II) Initializing extension XFIXES
[    40.315] (II) Initializing extension RENDER
[    40.315] (II) Initializing extension RANDR
[    40.316] (II) Initializing extension COMPOSITE
[    40.316] (II) Initializing extension DAMAGE
[    40.316] (II) Initializing extension MIT-SCREEN-SAVER
[    40.316] (II) Initializing extension DOUBLE-BUFFER
[    40.317] (II) Initializing extension RECORD
[    40.317] (II) Initializing extension DPMS
[    40.318] (II) Initializing extension Present
[    40.318] (II) Initializing extension DRI3
[    40.318] (II) Initializing extension X-Resource
[    40.319] (II) Initializing extension XVideo
[    40.319] (II) Initializing extension XVideo-MotionCompensation
[    40.319] (II) Initializing extension SELinux
[    40.319] (II) SELinux: Disabled on system
[    40.319] (II) Initializing extension GLX
[    40.320] (II) AIGLX: Screen 0 is not DRI2 capable
[    40.336] (II) IGLX: Loaded and initialized swrast
[    40.336] (II) GLX: Initialized DRISWRAST GL provider for screen 0
[    40.336] (II) Initializing extension XFree86-VidModeExtension
[    40.336] (II) Initializing extension XFree86-DGA
[    40.336] (II) Initializing extension XFree86-DRI
[    40.337] (II) Initializing extension DRI2
[    40.371] (II) vmware(0): Setting screen physical size to 253 x 246
[    40.420] (II) config/udev: Adding input device Power Button (/dev/input/event0)
[    40.420] (**) Power Button: Applying InputClass "libinput keyboard catchall"
[    40.420] (II) LoadModule: "libinput"
[    40.420] (II) Loading /usr/lib/xorg/modules/input/libinput_drv.so
[    40.424] (II) Module libinput: vendor="X.Org Foundation"
[    40.424] 	compiled for 1.20.4, module version = 0.29.0
[    40.424] 	Module class: X.Org XInput Driver
[    40.424] 	ABI class: X.Org XInput driver, version 24.1
[    40.424] (II) Using input driver 'libinput' for 'Power Button'
[    40.426] (II) systemd-logind: got fd for /dev/input/event0 13:64 fd 20 paused 0
[    40.426] (**) Power Button: always reports core events
[    40.426] (**) Option "Device" "/dev/input/event0"
[    40.426] (**) Option "_source" "server/udev"
[    40.429] (II) event0  - Power Button: is tagged by udev as: Keyboard
[    40.429] (II) event0  - Power Button: device is a keyboard
[    40.429] (II) event0  - Power Button: device removed
[    40.429] (**) Option "config_info" "udev:/sys/devices/LNXSYSTM:00/LNXPWRBN:00/input/input0/event0"
[    40.429] (II) XINPUT: Adding extended input device "Power Button" (type: KEYBOARD, id 6)
[    40.429] (**) Option "xkb_model" "pc105"
[    40.429] (**) Option "xkb_layout" "us"
[    40.432] (II) event0  - Power Button: is tagged by udev as: Keyboard
[    40.432] (II) event0  - Power Button: device is a keyboard
[    40.432] (II) config/udev: Adding input device Sleep Button (/dev/input/event1)
[    40.432] (**) Sleep Button: Applying InputClass "libinput keyboard catchall"
[    40.432] (II) Using input driver 'libinput' for 'Sleep Button'
[    40.433] (II) systemd-logind: got fd for /dev/input/event1 13:65 fd 23 paused 0
[    40.433] (**) Sleep Button: always reports core events
[    40.433] (**) Option "Device" "/dev/input/event1"
[    40.433] (**) Option "_source" "server/udev"
[    40.435] (II) event1  - Sleep Button: is tagged by udev as: Keyboard
[    40.435] (II) event1  - Sleep Button: device is a keyboard
[    40.435] (II) event1  - Sleep Button: device removed
[    40.435] (**) Option "config_info" "udev:/sys/devices/LNXSYSTM:00/LNXSLPBN:00/input/input1/event1"
[    40.435] (II) XINPUT: Adding extended input device "Sleep Button" (type: KEYBOARD, id 7)
[    40.435] (**) Option "xkb_model" "pc105"
[    40.435] (**) Option "xkb_layout" "us"
[    40.437] (II) event1  - Sleep Button: is tagged by udev as: Keyboard
[    40.437] (II) event1  - Sleep Button: device is a keyboard
[    40.439] (II) config/udev: Adding input device Video Bus (/dev/input/event3)
[    40.439] (**) Video Bus: Applying InputClass "libinput keyboard catchall"
[    40.439] (II) Using input driver 'libinput' for 'Video Bus'
[    40.440] (II) systemd-logind: got fd for /dev/input/event3 13:67 fd 24 paused 0
[    40.440] (**) Video Bus: always reports core events
[    40.440] (**) Option "Device" "/dev/input/event3"
[    40.440] (**) Option "_source" "server/udev"
[    40.441] (II) event3  - Video Bus: is tagged by udev as: Keyboard
[    40.441] (II) event3  - Video Bus: device is a keyboard
[    40.441] (II) event3  - Video Bus: device removed
[    40.441] (**) Option "config_info" "udev:/sys/devices/LNXSYSTM:00/LNXSYBUS:00/PNP0A03:00/LNXVIDEO:00/input/input4/event3"
[    40.441] (II) XINPUT: Adding extended input device "Video Bus" (type: KEYBOARD, id 8)
[    40.441] (**) Option "xkb_model" "pc105"
[    40.441] (**) Option "xkb_layout" "us"
[    40.443] (II) event3  - Video Bus: is tagged by udev as: Keyboard
[    40.443] (II) event3  - Video Bus: device is a keyboard
[    40.445] (II) config/udev: Adding input device VirtualBox mouse integration (/dev/input/event6)
[    40.445] (**) VirtualBox mouse integration: Applying InputClass "libinput pointer catchall"
[    40.445] (II) Using input driver 'libinput' for 'VirtualBox mouse integration'
[    40.447] (II) systemd-logind: got fd for /dev/input/event6 13:70 fd 25 paused 0
[    40.447] (**) VirtualBox mouse integration: always reports core events
[    40.447] (**) Option "Device" "/dev/input/event6"
[    40.447] (**) Option "_source" "server/udev"
[    40.450] (II) event6  - VirtualBox mouse integration: is tagged by udev as: Mouse
[    40.451] (II) event6  - VirtualBox mouse integration: device is a pointer
[    40.451] (II) event6  - VirtualBox mouse integration: device removed
[    40.452] (**) Option "config_info" "udev:/sys/devices/pci0000:00/0000:00:04.0/input/input7/event6"
[    40.452] (II) XINPUT: Adding extended input device "VirtualBox mouse integration" (type: MOUSE, id 9)
[    40.454] (**) Option "AccelerationScheme" "none"
[    40.455] (**) VirtualBox mouse integration: (accel) selected scheme none/0
[    40.455] (**) VirtualBox mouse integration: (accel) acceleration factor: 2.000
[    40.455] (**) VirtualBox mouse integration: (accel) acceleration threshold: 4
[    40.457] (II) event6  - VirtualBox mouse integration: is tagged by udev as: Mouse
[    40.457] (II) event6  - VirtualBox mouse integration: device is a pointer
[    40.459] (II) config/udev: Adding input device VirtualBox mouse integration (/dev/input/js1)
[    40.459] (II) No input driver specified, ignoring this device.
[    40.459] (II) This device may have been added with another device file.
[    40.460] (II) config/udev: Adding input device VirtualBox mouse integration (/dev/input/mouse2)
[    40.460] (II) No input driver specified, ignoring this device.
[    40.460] (II) This device may have been added with another device file.
[    40.462] (II) config/udev: Adding input device VirtualBox USB Tablet (/dev/input/event5)
[    40.462] (**) VirtualBox USB Tablet: Applying InputClass "libinput pointer catchall"
[    40.462] (II) Using input driver 'libinput' for 'VirtualBox USB Tablet'
[    40.525] (II) systemd-logind: got fd for /dev/input/event5 13:69 fd 26 paused 0
[    40.525] (**) VirtualBox USB Tablet: always reports core events
[    40.525] (**) Option "Device" "/dev/input/event5"
[    40.525] (**) Option "_source" "server/udev"
[    40.527] (II) event5  - VirtualBox USB Tablet: is tagged by udev as: Mouse
[    40.528] (II) event5  - VirtualBox USB Tablet: device is a pointer
[    40.528] (II) event5  - VirtualBox USB Tablet: device removed
[    40.528] (**) Option "config_info" "udev:/sys/devices/pci0000:00/0000:00:06.0/usb2/2-1/2-1:1.0/0003:80EE:0021.0001/input/input6/event5"
[    40.528] (II) XINPUT: Adding extended input device "VirtualBox USB Tablet" (type: MOUSE, id 10)
[    40.528] (**) Option "AccelerationScheme" "none"
[    40.528] (**) VirtualBox USB Tablet: (accel) selected scheme none/0
[    40.528] (**) VirtualBox USB Tablet: (accel) acceleration factor: 2.000
[    40.528] (**) VirtualBox USB Tablet: (accel) acceleration threshold: 4
[    40.529] (II) event5  - VirtualBox USB Tablet: is tagged by udev as: Mouse
[    40.531] (II) event5  - VirtualBox USB Tablet: device is a pointer
[    40.532] (II) config/udev: Adding input device VirtualBox USB Tablet (/dev/input/js0)
[    40.532] (II) No input driver specified, ignoring this device.
[    40.532] (II) This device may have been added with another device file.
[    40.532] (II) config/udev: Adding input device VirtualBox USB Tablet (/dev/input/mouse1)
[    40.532] (II) No input driver specified, ignoring this device.
[    40.532] (II) This device may have been added with another device file.
[    40.533] (II) config/udev: Adding input device AT Translated Set 2 keyboard (/dev/input/event2)
[    40.533] (**) AT Translated Set 2 keyboard: Applying InputClass "libinput keyboard catchall"
[    40.533] (II) Using input driver 'libinput' for 'AT Translated Set 2 keyboard'
[    40.535] (II) systemd-logind: got fd for /dev/input/event2 13:66 fd 27 paused 0
[    40.535] (**) AT Translated Set 2 keyboard: always reports core events
[    40.535] (**) Option "Device" "/dev/input/event2"
[    40.535] (**) Option "_source" "server/udev"
[    40.538] (II) event2  - AT Translated Set 2 keyboard: is tagged by udev as: Keyboard
[    40.538] (II) event2  - AT Translated Set 2 keyboard: device is a keyboard
[    40.541] (II) event2  - AT Translated Set 2 keyboard: device removed
[    40.541] (**) Option "config_info" "udev:/sys/devices/platform/i8042/serio0/input/input2/event2"
[    40.541] (II) XINPUT: Adding extended input device "AT Translated Set 2 keyboard" (type: KEYBOARD, id 11)
[    40.541] (**) Option "xkb_model" "pc105"
[    40.541] (**) Option "xkb_layout" "us"
[    40.544] (II) event2  - AT Translated Set 2 keyboard: is tagged by udev as: Keyboard
[    40.544] (II) event2  - AT Translated Set 2 keyboard: device is a keyboard
[    40.546] (II) config/udev: Adding input device ImExPS/2 Generic Explorer Mouse (/dev/input/event4)
[    40.546] (**) ImExPS/2 Generic Explorer Mouse: Applying InputClass "libinput pointer catchall"
[    40.546] (II) Using input driver 'libinput' for 'ImExPS/2 Generic Explorer Mouse'
[    40.550] (II) systemd-logind: got fd for /dev/input/event4 13:68 fd 28 paused 0
[    40.550] (**) ImExPS/2 Generic Explorer Mouse: always reports core events
[    40.550] (**) Option "Device" "/dev/input/event4"
[    40.550] (**) Option "_source" "server/udev"
[    40.552] (II) event4  - ImExPS/2 Generic Explorer Mouse: is tagged by udev as: Mouse
[    40.552] (II) event4  - ImExPS/2 Generic Explorer Mouse: device is a pointer
[    40.553] (II) event4  - ImExPS/2 Generic Explorer Mouse: device removed
[    40.553] (**) Option "config_info" "udev:/sys/devices/platform/i8042/serio1/input/input5/event4"
[    40.553] (II) XINPUT: Adding extended input device "ImExPS/2 Generic Explorer Mouse" (type: MOUSE, id 12)
[    40.554] (**) Option "AccelerationScheme" "none"
[    40.554] (**) ImExPS/2 Generic Explorer Mouse: (accel) selected scheme none/0
[    40.554] (**) ImExPS/2 Generic Explorer Mouse: (accel) acceleration factor: 2.000
[    40.554] (**) ImExPS/2 Generic Explorer Mouse: (accel) acceleration threshold: 4
[    40.555] (II) event4  - ImExPS/2 Generic Explorer Mouse: is tagged by udev as: Mouse
[    40.555] (II) event4  - ImExPS/2 Generic Explorer Mouse: device is a pointer
[    40.557] (II) config/udev: Adding input device ImExPS/2 Generic Explorer Mouse (/dev/input/mouse0)
[    40.557] (II) No input driver specified, ignoring this device.
[    40.557] (II) This device may have been added with another device file.
[   470.504] (II) event5  - VirtualBox USB Tablet: Enabling spurious button debouncing, see https://wayland.freedesktop.org/libinput/doc/1.15.5/button-debouncing.html for details
